[2026-02-04T20:00:19.650Z] === Starting migration ===
[2026-02-04T20:00:19.651Z] Total posts to process: 213
[2026-02-04T20:00:19.651Z] EXISTS: welcome
[2026-02-04T20:00:19.751Z] EXISTS: import-an-excel-file-into-powerbi
[2026-02-04T20:00:19.852Z] EXISTS: import-csv-file-to-power-bi
[2026-02-04T20:00:19.953Z] EXISTS: folder-of-files-loaded-to-power-bi-desktop
[2026-02-04T20:00:20.054Z] EXISTS: query-settings-fixing-a-missing-file
[2026-02-04T20:00:20.154Z] EXISTS: manually-enter-data
[2026-02-04T20:00:20.255Z] EXISTS: mapping-in-pbi-desktop
[2026-02-04T20:00:20.356Z] EXISTS: from-wikipedia-to-colorful-map
[2026-02-04T20:00:20.456Z] EXISTS: power-bi-histogram-with-bins
[2026-02-04T20:00:20.557Z] EXISTS: measures-calculating-change
[2026-02-04T20:00:21.341Z] DONE: measures-calculating-a-sum
[2026-02-04T20:00:21.632Z] DONE: query-editor-editing-m-code
[2026-02-04T20:00:21.913Z] DONE: measures-calculate-cagr
[2026-02-04T20:00:22.190Z] DONE: dynamic-percent-change-using-dax
[2026-02-04T20:00:22.453Z] DONE: loading-data-from-folder
[2026-02-04T20:00:22.700Z] DONE: measures-month-to-month-percent-change
[2026-02-04T20:00:22.974Z] DONE: measures-intelligent-card-visual-in-dax
[2026-02-04T20:00:23.195Z] DONE: using-variables-for-file-locations
[2026-02-04T20:00:23.435Z] DONE: load-multiple-excel-xlsx-files
[2026-02-04T20:00:23.665Z] DONE: make-calendars-using-dax-curbal
[2026-02-04T20:00:23.896Z] DONE: building-date-table-from-scratch
[2026-02-04T20:00:24.126Z] DONE: loading-excel-files-from-sharepoint
[2026-02-04T20:00:24.530Z] DONE: using-r-visuals-in-power-bi
[2026-02-04T20:00:24.763Z] DONE: digging-deeper-with-r-visuals-for-powerbi
[2026-02-04T20:00:24.995Z] DONE: hexbin-plot-using-r
[2026-02-04T20:00:25.225Z] DONE: using-advanced-mapping-in-arcgis-preview
[2026-02-04T20:00:25.442Z] DONE: intro-to-guy-in-a-cube
[2026-02-04T20:00:25.682Z] DONE: fixing-measure-madness
[2026-02-04T20:00:25.902Z] DONE: map-with-data-labels-in-r
[2026-02-04T20:00:26.156Z] DONE: pareto-charting
[2026-02-04T20:00:26.681Z] DONE: grouping-and-improved-date-slicer
[2026-02-04T20:00:26.899Z] DONE: measures-year-over-year-percent-change
[2026-02-04T20:00:27.127Z] DONE: santa-loves-power-bi-and-r
[2026-02-04T20:00:27.589Z] DONE: power-bi-february-2017-release
[2026-02-04T20:00:28.009Z] DONE: improved-matrix-headers
[2026-02-04T20:00:28.230Z] DONE: get-your-odata-here
[2026-02-04T20:00:28.450Z] DONE: power-bi-embedded-dashboard
[2026-02-04T20:00:28.920Z] DONE: power-bi-march-2017-release
[2026-02-04T20:00:29.358Z] DONE: color-themes-import
[2026-02-04T20:00:29.881Z] DONE: using-parameters-to-enable-sharing
[2026-02-04T20:00:30.097Z] DONE: power-bi-using-multiple-user-accounts
[2026-02-04T20:00:30.320Z] DONE: power-bi-april-release
[2026-02-04T20:00:30.765Z] DONE: dynamic-filters-in-powerbi
[2026-02-04T20:00:31.005Z] DONE: sum-sumx-tutorial-curbal
[2026-02-04T20:00:31.364Z] DONE: power-bi-may-2017-release
[2026-02-04T20:00:31.796Z] DONE: using-variables-within-dax
[2026-02-04T20:00:32.031Z] DONE: power-bi-june-2017-release
[2026-02-04T20:00:32.242Z] DONE: microsoft-data-insights-summit
[2026-02-04T20:00:32.604Z] DONE: userelationship-dax-tutorial-curbal
[2026-02-04T20:00:33.130Z] DONE: use-multiple-connections-between-tables
[2026-02-04T20:00:33.526Z] DONE: ranking-values-with-measures
[2026-02-04T20:00:33.740Z] DONE: power-bi-august-2017-release
[2026-02-04T20:00:34.264Z] DONE: best-practices-for-sharing
[2026-02-04T20:00:34.662Z] DONE: power-bi-september-2017-release
[2026-02-04T20:00:35.007Z] DONE: power-bi-world-tour-2017-chicago
[2026-02-04T20:00:35.229Z] DONE: power-bi-world-tour-2017-chicago-intro-to-dax
[2026-02-04T20:00:35.440Z] DONE: power-bi-connection-types
[2026-02-04T20:00:35.661Z] DONE: creating-a-dax-calendar
[2026-02-04T20:00:36.083Z] DONE: fixing-the-truncating-bar-chart
[2026-02-04T20:00:36.301Z] DONE: power-bi-connections-import
[2026-02-04T20:00:36.523Z] DONE: custom-usage-metrics-reporting
[2026-02-04T20:00:36.916Z] DONE: start-of-month-dax-calendar
[2026-02-04T20:00:37.127Z] DONE: power-bi-connections-direct-query
[2026-02-04T20:00:37.337Z] DONE: move-visuals-between-reports
[2026-02-04T20:00:37.552Z] DONE: introducing-layouts
[2026-02-04T20:00:37.932Z] DONE: new-layout-splash-o-red
[2026-02-04T20:00:38.162Z] DONE: adding-data-types-within-query-editor
[2026-02-04T20:00:38.660Z] DONE: crazy-table-gymnastics-part-1-dynamic-column-categories
[2026-02-04T20:00:38.893Z] DONE: crazy-table-gymnastics-part-2-build-support-materials
[2026-02-04T20:00:39.366Z] DONE: power-bi-connections-live-connection
[2026-02-04T20:00:39.779Z] DONE: introducing-lingo
[2026-02-04T20:00:39.994Z] DONE: when-to-use-publish-to-web
[2026-02-04T20:00:40.214Z] DONE: apply-a-filter-to-a-slicer
[2026-02-04T20:00:40.425Z] DONE: data-table-filters
[2026-02-04T20:00:40.645Z] DONE: segmented-filtering-with-slicers
[2026-02-04T20:00:40.866Z] DONE: power-bi-and-sudoku-yes-please
[2026-02-04T20:00:41.081Z] DONE: center-the-x-axis-on-a-line-chart
[2026-02-04T20:00:41.512Z] DONE: tic-tac-power-bi
[2026-02-04T20:00:41.860Z] DONE: microsoft-business-application-summit-powerbi-tips-2018-top-tips-and-tricks
[2026-02-04T20:00:42.327Z] DONE: microsoft-business-applications-summit-new-layout-purple-haze
[2026-02-04T20:00:42.544Z] DONE: game-time-dax-mission-impossible
[2026-02-04T20:00:42.897Z] DONE: using-grids-to-improve-visualization-placement
[2026-02-04T20:00:43.299Z] DONE: drillthrough
[2026-02-04T20:00:43.650Z] DONE: how-to-use-the-ellipsis-in-power-bi
[2026-02-04T20:00:44.074Z] DONE: how-to-use-focus-mode-in-power-bi
[2026-02-04T20:00:44.488Z] DONE: how-to-navigate-hierarchies
[2026-02-04T20:00:44.705Z] DONE: how-to-use-tooltips-in-power-bi
[2026-02-04T20:00:44.929Z] DONE: new-layout-september-2018-blog-layout
[2026-02-04T20:00:45.408Z] DONE: power-bi-dataflows-change-is-coming
[2026-02-04T20:00:45.812Z] DONE: new-game-amazeing-dax
[2026-02-04T20:00:46.221Z] DONE: respect-layers
[2026-02-04T20:00:46.640Z] DONE: temple-of-dax-3d
[2026-02-04T20:00:46.996Z] DONE: make-custom-visuals-create-bar-chart
[2026-02-04T20:00:47.353Z] DONE: new-layout-smooth-operator
[2026-02-04T20:00:47.764Z] DONE: new-layout-square-one
[2026-02-04T20:00:48.143Z] DONE: 2019-mbas-retrospective
[2026-02-04T20:00:48.377Z] DONE: make-custom-visuals-with-no-code
[2026-02-04T20:00:48.906Z] DONE: quick-access-toolbar-for-the-win
[2026-02-04T20:01:15.340Z] === Starting migration ===
[2026-02-04T20:01:15.342Z] Total posts to process: 213
[2026-02-04T20:01:15.342Z] EXISTS: welcome
[2026-02-04T20:01:15.443Z] EXISTS: import-an-excel-file-into-powerbi
[2026-02-04T20:01:15.544Z] EXISTS: import-csv-file-to-power-bi
[2026-02-04T20:01:15.644Z] EXISTS: folder-of-files-loaded-to-power-bi-desktop
[2026-02-04T20:01:15.745Z] EXISTS: query-settings-fixing-a-missing-file
[2026-02-04T20:01:15.846Z] EXISTS: manually-enter-data
[2026-02-04T20:01:15.946Z] EXISTS: mapping-in-pbi-desktop
[2026-02-04T20:01:16.047Z] EXISTS: from-wikipedia-to-colorful-map
[2026-02-04T20:01:16.148Z] EXISTS: power-bi-histogram-with-bins
[2026-02-04T20:01:16.249Z] EXISTS: measures-calculating-change
[2026-02-04T20:01:16.349Z] EXISTS: measures-calculating-a-sum
[2026-02-04T20:01:16.450Z] EXISTS: query-editor-editing-m-code
[2026-02-04T20:01:16.550Z] EXISTS: measures-calculate-cagr
[2026-02-04T20:01:16.651Z] EXISTS: dynamic-percent-change-using-dax
[2026-02-04T20:01:16.752Z] EXISTS: loading-data-from-folder
[2026-02-04T20:01:16.852Z] EXISTS: measures-month-to-month-percent-change
[2026-02-04T20:01:16.953Z] EXISTS: measures-intelligent-card-visual-in-dax
[2026-02-04T20:01:17.053Z] EXISTS: using-variables-for-file-locations
[2026-02-04T20:01:17.154Z] EXISTS: load-multiple-excel-xlsx-files
[2026-02-04T20:01:17.253Z] EXISTS: make-calendars-using-dax-curbal
[2026-02-04T20:01:17.354Z] EXISTS: building-date-table-from-scratch
[2026-02-04T20:01:17.454Z] EXISTS: loading-excel-files-from-sharepoint
[2026-02-04T20:01:17.555Z] EXISTS: using-r-visuals-in-power-bi
[2026-02-04T20:01:17.656Z] EXISTS: digging-deeper-with-r-visuals-for-powerbi
[2026-02-04T20:01:17.756Z] EXISTS: hexbin-plot-using-r
[2026-02-04T20:01:17.857Z] EXISTS: using-advanced-mapping-in-arcgis-preview
[2026-02-04T20:01:17.957Z] EXISTS: intro-to-guy-in-a-cube
[2026-02-04T20:01:18.058Z] EXISTS: fixing-measure-madness
[2026-02-04T20:01:18.158Z] EXISTS: map-with-data-labels-in-r
[2026-02-04T20:01:18.259Z] EXISTS: pareto-charting
[2026-02-04T20:01:18.360Z] EXISTS: grouping-and-improved-date-slicer
[2026-02-04T20:01:18.460Z] EXISTS: measures-year-over-year-percent-change
[2026-02-04T20:01:18.561Z] EXISTS: santa-loves-power-bi-and-r
[2026-02-04T20:01:18.661Z] EXISTS: power-bi-february-2017-release
[2026-02-04T20:01:18.762Z] EXISTS: improved-matrix-headers
[2026-02-04T20:01:18.862Z] EXISTS: get-your-odata-here
[2026-02-04T20:01:18.963Z] EXISTS: power-bi-embedded-dashboard
[2026-02-04T20:01:19.063Z] EXISTS: power-bi-march-2017-release
[2026-02-04T20:01:19.164Z] EXISTS: color-themes-import
[2026-02-04T20:01:19.264Z] EXISTS: using-parameters-to-enable-sharing
[2026-02-04T20:01:19.365Z] EXISTS: power-bi-using-multiple-user-accounts
[2026-02-04T20:01:19.466Z] EXISTS: power-bi-april-release
[2026-02-04T20:01:19.566Z] EXISTS: dynamic-filters-in-powerbi
[2026-02-04T20:01:19.667Z] EXISTS: sum-sumx-tutorial-curbal
[2026-02-04T20:01:19.767Z] EXISTS: power-bi-may-2017-release
[2026-02-04T20:01:19.868Z] EXISTS: using-variables-within-dax
[2026-02-04T20:01:19.968Z] EXISTS: power-bi-june-2017-release
[2026-02-04T20:01:20.069Z] EXISTS: microsoft-data-insights-summit
[2026-02-04T20:01:20.169Z] EXISTS: userelationship-dax-tutorial-curbal
[2026-02-04T20:01:20.270Z] EXISTS: use-multiple-connections-between-tables
[2026-02-04T20:01:20.370Z] EXISTS: ranking-values-with-measures
[2026-02-04T20:01:20.471Z] EXISTS: power-bi-august-2017-release
[2026-02-04T20:01:20.571Z] EXISTS: best-practices-for-sharing
[2026-02-04T20:01:20.672Z] EXISTS: power-bi-september-2017-release
[2026-02-04T20:01:20.772Z] EXISTS: power-bi-world-tour-2017-chicago
[2026-02-04T20:01:20.873Z] EXISTS: power-bi-world-tour-2017-chicago-intro-to-dax
[2026-02-04T20:01:20.974Z] EXISTS: power-bi-connection-types
[2026-02-04T20:01:21.074Z] EXISTS: creating-a-dax-calendar
[2026-02-04T20:01:21.175Z] EXISTS: fixing-the-truncating-bar-chart
[2026-02-04T20:01:21.275Z] EXISTS: power-bi-connections-import
[2026-02-04T20:01:21.376Z] EXISTS: custom-usage-metrics-reporting
[2026-02-04T20:01:21.476Z] EXISTS: start-of-month-dax-calendar
[2026-02-04T20:01:21.577Z] EXISTS: power-bi-connections-direct-query
[2026-02-04T20:01:21.677Z] EXISTS: move-visuals-between-reports
[2026-02-04T20:01:21.778Z] EXISTS: introducing-layouts
[2026-02-04T20:01:21.879Z] EXISTS: new-layout-splash-o-red
[2026-02-04T20:01:21.979Z] EXISTS: adding-data-types-within-query-editor
[2026-02-04T20:01:22.080Z] EXISTS: crazy-table-gymnastics-part-1-dynamic-column-categories
[2026-02-04T20:01:22.180Z] EXISTS: crazy-table-gymnastics-part-2-build-support-materials
[2026-02-04T20:01:22.281Z] EXISTS: power-bi-connections-live-connection
[2026-02-04T20:01:22.382Z] EXISTS: introducing-lingo
[2026-02-04T20:01:22.482Z] EXISTS: when-to-use-publish-to-web
[2026-02-04T20:01:22.583Z] EXISTS: apply-a-filter-to-a-slicer
[2026-02-04T20:01:22.683Z] EXISTS: data-table-filters
[2026-02-04T20:01:22.784Z] EXISTS: segmented-filtering-with-slicers
[2026-02-04T20:01:22.884Z] EXISTS: power-bi-and-sudoku-yes-please
[2026-02-04T20:01:22.985Z] EXISTS: center-the-x-axis-on-a-line-chart
[2026-02-04T20:01:23.085Z] EXISTS: tic-tac-power-bi
[2026-02-04T20:01:23.186Z] EXISTS: microsoft-business-application-summit-powerbi-tips-2018-top-tips-and-tricks
[2026-02-04T20:01:23.286Z] EXISTS: microsoft-business-applications-summit-new-layout-purple-haze
[2026-02-04T20:01:23.387Z] EXISTS: game-time-dax-mission-impossible
[2026-02-04T20:01:23.488Z] EXISTS: using-grids-to-improve-visualization-placement
[2026-02-04T20:01:23.588Z] EXISTS: drillthrough
[2026-02-04T20:01:23.689Z] EXISTS: how-to-use-the-ellipsis-in-power-bi
[2026-02-04T20:01:23.789Z] EXISTS: how-to-use-focus-mode-in-power-bi
[2026-02-04T20:01:23.890Z] EXISTS: how-to-navigate-hierarchies
[2026-02-04T20:01:23.990Z] EXISTS: how-to-use-tooltips-in-power-bi
[2026-02-04T20:01:24.091Z] EXISTS: new-layout-september-2018-blog-layout
[2026-02-04T20:01:24.191Z] EXISTS: power-bi-dataflows-change-is-coming
[2026-02-04T20:01:24.292Z] EXISTS: new-game-amazeing-dax
[2026-02-04T20:01:24.392Z] EXISTS: respect-layers
[2026-02-04T20:01:24.493Z] EXISTS: temple-of-dax-3d
[2026-02-04T20:01:24.594Z] EXISTS: make-custom-visuals-create-bar-chart
[2026-02-04T20:01:24.694Z] EXISTS: new-layout-smooth-operator
[2026-02-04T20:01:24.795Z] EXISTS: new-layout-square-one
[2026-02-04T20:01:24.895Z] EXISTS: 2019-mbas-retrospective
[2026-02-04T20:01:24.996Z] EXISTS: make-custom-visuals-with-no-code
[2026-02-04T20:01:25.096Z] EXISTS: quick-access-toolbar-for-the-win
[2026-02-04T20:01:25.876Z] DONE: the-dynamic-time-matrix
[2026-02-04T20:01:26.452Z] DONE: icons-upon-icons
[2026-02-04T20:01:26.715Z] DONE: dynamic-visuals-using-buttons
[2026-02-04T20:01:26.972Z] DONE: one-layout
[2026-02-04T20:01:27.546Z] DONE: power-bi-refresh-overview
[2026-02-04T20:01:27.801Z] DONE: dual-y-axis-line-chart
[2026-02-04T20:01:28.031Z] DONE: updating-pbix-files-in-sharepoint-dos-donts
[2026-02-04T20:01:28.540Z] DONE: grouping-with-style
[2026-02-04T20:01:28.768Z] DONE: custom-sort-order-within-a-dax-measure
[2026-02-04T20:01:29.265Z] DONE: power-bi-datasets-a-method-to-the-madness
[2026-02-04T20:01:29.664Z] DONE: filled-donut-chart-yumm
[2026-02-04T20:01:29.894Z] DONE: power-query-get-started
[2026-02-04T20:01:30.155Z] DONE: historical-stock-price-function-in-power-query
[2026-02-04T20:01:30.386Z] DONE: make-pbids-files
[2026-02-04T20:01:30.893Z] DONE: building-a-gateway-cluster
[2026-02-04T20:01:31.294Z] DONE: act-like-the-business-think-like-i-t
[2026-02-04T20:01:31.681Z] DONE: stacked-bar-chart
[2026-02-04T20:01:32.224Z] DONE: average-household-income-function-in-power-query
[2026-02-04T20:01:32.450Z] DONE: consolidate-report-pages-easily-with-visual-grouping
[2026-02-04T20:01:32.687Z] DONE: scale-a-visual
[2026-02-04T20:01:32.906Z] DONE: embedding-paginated-reports
[2026-02-04T20:01:33.135Z] DONE: more-visuals-mo-problems
[2026-02-04T20:01:33.379Z] DONE: scrims-instructions
[2026-02-04T20:01:33.597Z] DONE: introducing-scrims
[2026-02-04T20:01:33.819Z] DONE: kpis-in-power-bi
[2026-02-04T20:01:34.389Z] DONE: handle-errors-in-data-refreshes-with-power-automate
[2026-02-04T20:01:34.612Z] DONE: no-code-custom-visuals-webinar
[2026-02-04T20:01:35.086Z] DONE: power-bi-field-finder
[2026-02-04T20:01:35.302Z] DONE: layouts-for-company-templates
[2026-02-04T20:01:35.708Z] DONE: milwaukee-brew-city-pug-jan-2020
[2026-02-04T20:01:36.108Z] DONE: power-query-api-considerations
[2026-02-04T20:01:36.510Z] DONE: mind-blown
[2026-02-04T20:01:36.728Z] DONE: adding-contextual-help-for-end-users
[2026-02-04T20:01:36.944Z] DONE: keeping-it-versatile
[2026-02-04T20:01:37.392Z] DONE: milwaukee-brew-city-pug-feb-2020
[2026-02-04T20:01:37.794Z] DONE: tabular-editor-rocks
[2026-02-04T20:01:38.025Z] DONE: mapbox-101-for-power-bi
[2026-02-04T20:01:38.459Z] DONE: get-to-know-alm-toolkit
[2026-02-04T20:01:38.679Z] DONE: using-lasso-with-new-shortcuts
[2026-02-04T20:01:39.070Z] DONE: milwaukee-brew-city-pug-april-2020
[2026-02-04T20:01:39.297Z] DONE: create-3d-maps-in-power-bi-with-mapbox
[2026-02-04T20:01:39.785Z] DONE: introduction-to-dax-studio
[2026-02-04T20:01:40.310Z] DONE: drill-down-maps-in-power-bi-with-mapbox
[2026-02-04T20:01:40.923Z] DONE: create-custom-mapbox-styles
[2026-02-04T20:01:41.156Z] DONE: hot-swap-power-bi-report-connections
[2026-02-04T20:01:41.377Z] DONE: model-performance-in-dax-studio
[2026-02-04T20:01:41.831Z] DONE: split-an-existing-power-bi-file-into-a-model-and-report
[2026-02-04T20:01:42.060Z] DONE: buy-and-apply-power-bi-premium-p-license
[2026-02-04T20:01:42.280Z] DONE: milwaukee-brew-city-pug-june-2020
[2026-02-04T20:01:42.520Z] DONE: dax-studio-2-11-released
[2026-02-04T20:01:42.739Z] DONE: mvps-react-july-2020
[2026-02-04T20:01:42.979Z] DONE: analyze-in-excel-the-advanced-method
[2026-02-04T20:01:43.375Z] DONE: milwaukee-brew-city-pug-july-2020
[2026-02-04T20:01:43.748Z] DONE: monkey-tools-are-awesome
[2026-02-04T20:01:44.302Z] DONE: one-tool-to-install-them-all
[2026-02-04T20:01:44.525Z] DONE: hot-swap-report-connections-external-tools
[2026-02-04T20:01:45.021Z] DONE: milwaukee-brew-city-pug-august-2020
[2026-02-04T20:01:45.537Z] DONE: update-enter-data-table-in-service-without-full-publish
[2026-02-04T20:01:45.756Z] DONE: designing-a-great-power-bi-report
[2026-02-04T20:01:45.978Z] DONE: mvps-react-september-2020
[2026-02-04T20:01:46.339Z] DONE: milwaukee-brew-city-pug-sept-2020
[2026-02-04T20:01:46.564Z] DONE: power-bi-quiz-themes
[2026-02-04T20:01:46.962Z] DONE: customize-the-default-dataset
[2026-02-04T20:01:47.363Z] DONE: mvps-react-october-2020
[2026-02-04T20:01:47.785Z] DONE: power-bi-is-part-of-the-greater-data-solution
[2026-02-04T20:01:48.181Z] DONE: html-content-custom-visual
[2026-02-04T20:01:48.400Z] DONE: milwaukee-brew-city-pug-oct-2020
[2026-02-04T20:01:48.809Z] DONE: mirabile-notitia-power-bi-with-harry-potter
[2026-02-04T20:01:49.204Z] DONE: power-bi-field-finder-v2
[2026-02-04T20:01:49.425Z] DONE: building-a-power-bi-admin-view-using-power-bi-apis
[2026-02-04T20:01:49.651Z] DONE: power-bi-architecture-in-a-data-solution
[2026-02-04T20:01:49.876Z] DONE: power-bi-direct-query-composite-models-amazing
[2026-02-04T20:01:50.341Z] DONE: phil-seamark-on-aggregation-tables
[2026-02-04T20:01:50.549Z] DONE: power-bi-version-control-2
[2026-02-04T20:01:50.768Z] DONE: power-bi-end-to-end-architecture
[2026-02-04T20:01:51.256Z] DONE: power-bi-skills-matrix
[2026-02-04T20:01:51.846Z] DONE: power-bi-version-control
[2026-02-04T20:01:52.278Z] DONE: the-dice-game
[2026-02-04T20:01:52.519Z] DONE: using-power-apps-power-bi-and-power-automate-together
[2026-02-04T20:01:53.004Z] DONE: build-power-bi-skills
[2026-02-04T20:01:53.401Z] DONE: introducing-the-explicit-measures-podcast
[2026-02-04T20:01:53.843Z] DONE: represent-power-bi-skills
[2026-02-04T20:01:54.341Z] DONE: standardizing-kpis-around-a-business-intelligence-team
[2026-02-04T20:01:54.554Z] DONE: copy-power-bi-desktop-serverport-connection-string-to-clipboard
[2026-02-04T20:01:54.922Z] DONE: a-better-way-to-mobile
[2026-02-04T20:01:55.302Z] DONE: three-new-time-saving-scripts-for-tabular-editor
[2026-02-04T20:01:55.759Z] DONE: business-ops-2-0-2-update-bugfix
[2026-02-04T20:01:56.288Z] DONE: using-the-power-bi-scanner-api-to-manage-tenants-entire-metadata
[2026-02-04T20:01:56.690Z] DONE: business-ops-new-and-updated-external-tools
[2026-02-04T20:01:57.088Z] DONE: formal-vs-self-training
[2026-02-04T20:01:57.320Z] DONE: trolling-powerbi-ideas-site
[2026-02-04T20:01:57.817Z] DONE: dax-column-types
[2026-02-04T20:01:58.040Z] DONE: measuring-data-culture-success
[2026-02-04T20:01:58.531Z] DONE: data-culture
[2026-02-04T20:01:58.763Z] DONE: discussing-sqlbis-7-reasons-dax-is-not-easy
[2026-02-04T20:01:58.979Z] DONE: power-bi-themes
[2026-02-04T20:01:59.203Z] DONE: continuously-improving-user-experience
[2026-02-04T20:01:59.658Z] DONE: business-ops-3-0-2-updated-external-tools
[2026-02-04T20:01:59.886Z] DONE: certified-vs-promoted-dataset
[2026-02-04T20:02:00.374Z] DONE: 8-mistakes-i-made-to-start-learning-power-bi
[2026-02-04T20:02:00.882Z] DONE: power-bi-support-channel-in-teams
[2026-02-04T20:02:01.107Z] DONE: power-bi-hack-download-report-authored-in-browser-as-pbix
[2026-02-04T20:02:01.332Z] DONE: super-fast-data-loads-to-prod
[2026-02-04T20:02:01.685Z] DONE: live-ama-with-marco-russo-alberto-ferrari
[2026-02-04T20:02:02.215Z] DONE: welcome-to-community-jam
[2026-02-04T20:02:02.550Z] DONE: powerbi-tips-theme-generator-the-ultimate-tool-for-creating-complex-themes
[2026-02-04T20:02:02.951Z] DONE: does-a-power-bi-developer-need-python
[2026-02-04T20:02:03.174Z] DONE: unlock-your-creativity-with-the-power-bi-tips-theme-generator-exciting-new-features
[2026-02-04T20:02:03.392Z] DONE: transforming-power-bi-customization-wireframes-in-powerbi-tips-theme-generator
[2026-02-04T20:02:03.814Z] DONE: unlock-effortless-power-bi-theming-with-the-new-gallery-feature
[2026-02-04T20:02:04.030Z] DONE: theme-generator-use-any-scrim-from-the-gallery-when-building-wireframes
[2026-02-04T20:02:04.256Z] DONE: creative-thinking-in-fabric-power-bi
[2026-02-04T20:02:04.480Z] DONE: tipspowerbi-theme-generator-gallerydownload
[2026-02-04T20:02:04.708Z] DONE: tips-theme-generator-tutorial-gallery-project-copy-edit
[2026-02-04T20:02:04.931Z] DONE: tips-theme-generator-tutorial-automatic-visual-objects-with-ai
[2026-02-04T20:02:05.032Z] === COMPLETE ===
[2026-02-04T20:02:05.032Z] Done: 213, Errors: 0, Skipped: 0
