[2026-02-04T20:00:19.650Z] === Starting migration ===
[2026-02-04T20:00:19.651Z] Total posts to process: 213
[2026-02-04T20:00:19.651Z] EXISTS: welcome
[2026-02-04T20:00:19.751Z] EXISTS: import-an-excel-file-into-powerbi
[2026-02-04T20:00:19.852Z] EXISTS: import-csv-file-to-power-bi
[2026-02-04T20:00:19.953Z] EXISTS: folder-of-files-loaded-to-power-bi-desktop
[2026-02-04T20:00:20.054Z] EXISTS: query-settings-fixing-a-missing-file
[2026-02-04T20:00:20.154Z] EXISTS: manually-enter-data
[2026-02-04T20:00:20.255Z] EXISTS: mapping-in-pbi-desktop
[2026-02-04T20:00:20.356Z] EXISTS: from-wikipedia-to-colorful-map
[2026-02-04T20:00:20.456Z] EXISTS: power-bi-histogram-with-bins
[2026-02-04T20:00:20.557Z] EXISTS: measures-calculating-change
[2026-02-04T20:00:21.341Z] DONE: measures-calculating-a-sum
[2026-02-04T20:00:21.632Z] DONE: query-editor-editing-m-code
[2026-02-04T20:00:21.913Z] DONE: measures-calculate-cagr
[2026-02-04T20:00:22.190Z] DONE: dynamic-percent-change-using-dax
[2026-02-04T20:00:22.453Z] DONE: loading-data-from-folder
[2026-02-04T20:00:22.700Z] DONE: measures-month-to-month-percent-change
[2026-02-04T20:00:22.974Z] DONE: measures-intelligent-card-visual-in-dax
[2026-02-04T20:00:23.195Z] DONE: using-variables-for-file-locations
[2026-02-04T20:00:23.435Z] DONE: load-multiple-excel-xlsx-files
[2026-02-04T20:00:23.665Z] DONE: make-calendars-using-dax-curbal
[2026-02-04T20:00:23.896Z] DONE: building-date-table-from-scratch
[2026-02-04T20:00:24.126Z] DONE: loading-excel-files-from-sharepoint
[2026-02-04T20:00:24.530Z] DONE: using-r-visuals-in-power-bi
[2026-02-04T20:00:24.763Z] DONE: digging-deeper-with-r-visuals-for-powerbi
[2026-02-04T20:00:24.995Z] DONE: hexbin-plot-using-r
[2026-02-04T20:00:25.225Z] DONE: using-advanced-mapping-in-arcgis-preview
[2026-02-04T20:00:25.442Z] DONE: intro-to-guy-in-a-cube
[2026-02-04T20:00:25.682Z] DONE: fixing-measure-madness
[2026-02-04T20:00:25.902Z] DONE: map-with-data-labels-in-r
[2026-02-04T20:00:26.156Z] DONE: pareto-charting
[2026-02-04T20:00:26.681Z] DONE: grouping-and-improved-date-slicer
[2026-02-04T20:00:26.899Z] DONE: measures-year-over-year-percent-change
[2026-02-04T20:00:27.127Z] DONE: santa-loves-power-bi-and-r
[2026-02-04T20:00:27.589Z] DONE: power-bi-february-2017-release
[2026-02-04T20:00:28.009Z] DONE: improved-matrix-headers
[2026-02-04T20:00:28.230Z] DONE: get-your-odata-here
[2026-02-04T20:00:28.450Z] DONE: power-bi-embedded-dashboard
[2026-02-04T20:00:28.920Z] DONE: power-bi-march-2017-release
[2026-02-04T20:00:29.358Z] DONE: color-themes-import
[2026-02-04T20:00:29.881Z] DONE: using-parameters-to-enable-sharing
[2026-02-04T20:00:30.097Z] DONE: power-bi-using-multiple-user-accounts
[2026-02-04T20:00:30.320Z] DONE: power-bi-april-release
[2026-02-04T20:00:30.765Z] DONE: dynamic-filters-in-powerbi
[2026-02-04T20:00:31.005Z] DONE: sum-sumx-tutorial-curbal
[2026-02-04T20:00:31.364Z] DONE: power-bi-may-2017-release
[2026-02-04T20:00:31.796Z] DONE: using-variables-within-dax
[2026-02-04T20:00:32.031Z] DONE: power-bi-june-2017-release
[2026-02-04T20:00:32.242Z] DONE: microsoft-data-insights-summit
[2026-02-04T20:00:32.604Z] DONE: userelationship-dax-tutorial-curbal
[2026-02-04T20:00:33.130Z] DONE: use-multiple-connections-between-tables
[2026-02-04T20:00:33.526Z] DONE: ranking-values-with-measures
[2026-02-04T20:00:33.740Z] DONE: power-bi-august-2017-release
[2026-02-04T20:00:34.264Z] DONE: best-practices-for-sharing
[2026-02-04T20:00:34.662Z] DONE: power-bi-september-2017-release
[2026-02-04T20:00:35.007Z] DONE: power-bi-world-tour-2017-chicago
[2026-02-04T20:00:35.229Z] DONE: power-bi-world-tour-2017-chicago-intro-to-dax
[2026-02-04T20:00:35.440Z] DONE: power-bi-connection-types
[2026-02-04T20:00:35.661Z] DONE: creating-a-dax-calendar
[2026-02-04T20:00:36.083Z] DONE: fixing-the-truncating-bar-chart
[2026-02-04T20:00:36.301Z] DONE: power-bi-connections-import
[2026-02-04T20:00:36.523Z] DONE: custom-usage-metrics-reporting
[2026-02-04T20:00:36.916Z] DONE: start-of-month-dax-calendar
[2026-02-04T20:00:37.127Z] DONE: power-bi-connections-direct-query
[2026-02-04T20:00:37.337Z] DONE: move-visuals-between-reports
[2026-02-04T20:00:37.552Z] DONE: introducing-layouts
[2026-02-04T20:00:37.932Z] DONE: new-layout-splash-o-red
[2026-02-04T20:00:38.162Z] DONE: adding-data-types-within-query-editor
[2026-02-04T20:00:38.660Z] DONE: crazy-table-gymnastics-part-1-dynamic-column-categories
[2026-02-04T20:00:38.893Z] DONE: crazy-table-gymnastics-part-2-build-support-materials
[2026-02-04T20:00:39.366Z] DONE: power-bi-connections-live-connection
[2026-02-04T20:00:39.779Z] DONE: introducing-lingo
[2026-02-04T20:00:39.994Z] DONE: when-to-use-publish-to-web
[2026-02-04T20:00:40.214Z] DONE: apply-a-filter-to-a-slicer
[2026-02-04T20:00:40.425Z] DONE: data-table-filters
[2026-02-04T20:00:40.645Z] DONE: segmented-filtering-with-slicers
[2026-02-04T20:00:40.866Z] DONE: power-bi-and-sudoku-yes-please
[2026-02-04T20:00:41.081Z] DONE: center-the-x-axis-on-a-line-chart
[2026-02-04T20:00:41.512Z] DONE: tic-tac-power-bi
[2026-02-04T20:00:41.860Z] DONE: microsoft-business-application-summit-powerbi-tips-2018-top-tips-and-tricks
[2026-02-04T20:00:42.327Z] DONE: microsoft-business-applications-summit-new-layout-purple-haze
[2026-02-04T20:00:42.544Z] DONE: game-time-dax-mission-impossible
[2026-02-04T20:00:42.897Z] DONE: using-grids-to-improve-visualization-placement
[2026-02-04T20:00:43.299Z] DONE: drillthrough
[2026-02-04T20:00:43.650Z] DONE: how-to-use-the-ellipsis-in-power-bi
[2026-02-04T20:00:44.074Z] DONE: how-to-use-focus-mode-in-power-bi
[2026-02-04T20:00:44.488Z] DONE: how-to-navigate-hierarchies
[2026-02-04T20:00:44.705Z] DONE: how-to-use-tooltips-in-power-bi
[2026-02-04T20:00:44.929Z] DONE: new-layout-september-2018-blog-layout
[2026-02-04T20:00:45.408Z] DONE: power-bi-dataflows-change-is-coming
[2026-02-04T20:00:45.812Z] DONE: new-game-amazeing-dax
[2026-02-04T20:00:46.221Z] DONE: respect-layers
[2026-02-04T20:00:46.640Z] DONE: temple-of-dax-3d
[2026-02-04T20:00:46.996Z] DONE: make-custom-visuals-create-bar-chart
[2026-02-04T20:00:47.353Z] DONE: new-layout-smooth-operator
[2026-02-04T20:00:47.764Z] DONE: new-layout-square-one
[2026-02-04T20:00:48.143Z] DONE: 2019-mbas-retrospective
[2026-02-04T20:00:48.377Z] DONE: make-custom-visuals-with-no-code
[2026-02-04T20:00:48.906Z] DONE: quick-access-toolbar-for-the-win
